<?xml version="1.0" encoding="utf-8"?><testsuites name="pytest tests"><testsuite name="pytest" errors="0" failures="0" skipped="0" tests="9" time="14.942" timestamp="2026-07-12T12:38:18.802672+00:00" hostname="agent-env-3fab08e7-707f-4061-9b17-03adccde9062"><testcase classname="tests.test_ai_workspace.TestWorkspaceStats" name="test_stats_shape_and_seed" time="0.527" /><testcase classname="tests.test_ai_workspace.TestWorkspaceSearch" name="test_default" time="0.046" /><testcase classname="tests.test_ai_workspace.TestWorkspaceSearch" name="test_type_filter_proposal" time="0.046" /><testcase classname="tests.test_ai_workspace.TestWorkspaceSearch" name="test_text_query_northwind" time="0.050" /><testcase classname="tests.test_ai_workspace.TestWorkspaceSearch" name="test_sort_most_saved" time="0.047" /><testcase classname="tests.test_ai_workspace.TestWorkspaceSearch" name="test_sort_oldest_reverses" time="0.092" /><testcase classname="tests.test_ai_workspace.TestWorkspaceVersions" name="test_versions_have_proposal_and_plan" time="0.047" /><testcase classname="tests.test_ai_workspace.TestOrgIsolation" name="test_two_tenants_isolated" time="0.544" /><testcase classname="tests.test_ai_workspace.TestGenerateMetadata" name="test_proposal_generate_logs_meta" time="13.458" /></testsuite></testsuites>