<?xml version="1.0" encoding="utf-8"?><testsuites name="pytest tests"><testsuite name="pytest" errors="0" failures="0" skipped="0" tests="9" time="11.621" timestamp="2026-07-12T13:38:17.814226+00:00" hostname="agent-env-3fab08e7-707f-4061-9b17-03adccde9062"><testcase classname="tests.test_assistant.TestSuggestions" name="test_generic" time="3.996" /><testcase classname="tests.test_assistant.TestSuggestions" name="test_document_proposal" time="0.044" /><testcase classname="tests.test_assistant.TestSuggestions" name="test_project" time="0.044" /><testcase classname="tests.test_assistant.TestChatStream" name="test_stream_shape" time="1.586" /><testcase classname="tests.test_assistant.TestAction" name="test_transform_section_improve" time="6.178" /><testcase classname="tests.test_assistant.TestOrgIsolation" name="test_history_isolated" time="3.500" /><testcase classname="tests.test_assistant.TestAction" name="test_transform_document_translate" time="2.155" /><testcase classname="tests.test_assistant.TestAction" name="test_info_summarize" time="1.755" /><testcase classname="tests.test_assistant.TestAction" name="test_unknown_command" time="0.046" /></testsuite></testsuites>