<?xml version="1.0" encoding="utf-8"?><testsuites name="pytest tests"><testsuite name="pytest" errors="0" failures="0" skipped="0" tests="26" time="7.223" timestamp="2026-07-05T17:12:33.506328+00:00" hostname="agent-env-3fab08e7-707f-4061-9b17-03adccde9062"><testcase classname="tests.test_auth.TestSession" name="test_me_with_bearer" time="0.761" /><testcase classname="tests.test_auth.TestRegistration" name="test_register_returns_token_and_verify_link" time="0.710" /><testcase classname="tests.test_auth.TestRegistration" name="test_register_duplicate_email_rejected" time="0.121" /><testcase classname="tests.test_auth.TestSession" name="test_me_without_token" time="0.134" /><testcase classname="tests.test_auth.TestRegistration" name="test_register_invalid_email" time="0.144" /><testcase classname="tests.test_auth.TestSession" name="test_refresh_rotates_token" time="0.534" /><testcase classname="tests.test_auth.TestRegistration" name="test_new_user_sees_no_seed_data" time="0.293" /><testcase classname="tests.test_auth.TestProtected" name="test_requires_auth[/clients]" time="0.102" /><testcase classname="tests.test_auth.TestProtected" name="test_requires_auth[/projects]" time="0.134" /><testcase classname="tests.test_auth.TestSession" name="test_logout_revokes_refresh" time="0.460" /><testcase classname="tests.test_auth.TestProtected" name="test_requires_auth[/dashboard/summary]" time="0.292" /><testcase classname="tests.test_auth.TestLogin" name="test_demo_login" time="0.000" /><testcase classname="tests.test_auth.TestLogin" name="test_wrong_password_returns_401" time="0.473" /><testcase classname="tests.test_auth.TestLogin" name="test_brute_force_lockout" time="1.349" /><testcase classname="tests.test_auth.TestProtected" name="test_demo_dashboard_summary" time="0.615" /><testcase classname="tests.test_auth.TestForgotReset" name="test_forgot_returns_link_for_existing" time="1.141" /><testcase classname="tests.test_auth.TestForgotReset" name="test_forgot_unknown_email_generic" time="0.096" /><testcase classname="tests.test_auth.TestForgotReset" name="test_reset_with_invalid_token" time="0.099" /><testcase classname="tests.test_auth.TestOrgIsolation" name="test_demo_sees_seed_clients" time="0.092" /><testcase classname="tests.test_auth.TestEmailVerify" name="test_verify_email_flow" time="0.943" /><testcase classname="tests.test_auth.TestOrgIsolation" name="test_new_user_isolated" time="0.567" /><testcase classname="tests.test_auth.TestProfileAndPassword" name="test_update_profile" time="0.539" /><testcase classname="tests.test_auth.TestEmailVerify" name="test_verify_email_invalid_token" time="0.102" /><testcase classname="tests.test_auth.TestRegression" name="test_clients_projects_tasks_reachable" time="0.438" /><testcase classname="tests.test_auth.TestProfileAndPassword" name="test_change_password" time="1.767" /><testcase classname="tests.test_auth.TestRegression" name="test_bcrypt_hash_format" time="0.564" /></testsuite></testsuites>