<?xml version="1.0" encoding="utf-8"?><testsuites name="pytest tests"><testsuite name="pytest" errors="0" failures="0" skipped="0" tests="19" time="42.100" timestamp="2026-07-13T15:36:40.274179+00:00" hostname="agent-env-3fab08e7-707f-4061-9b17-03adccde9062"><testcase classname="tests.test_automation_engine" name="test_settings_enabled_and_prepare_default" time="0.614" /><testcase classname="tests.test_automation_engine" name="test_summary_defaults" time="0.134" /><testcase classname="tests.test_automation_engine" name="test_twelve_templates_seeded" time="0.158" /><testcase classname="tests.test_automation_engine" name="test_pending_approvals_seeded" time="0.291" /><testcase classname="tests.test_automation_engine" name="test_builder_options" time="0.109" /><testcase classname="tests.test_automation_engine" name="test_approve_creates_task" time="0.710" /><testcase classname="tests.test_automation_engine" name="test_reject_flow" time="0.878" /><testcase classname="tests.test_automation_engine" name="test_edit_pending_approval" time="0.697" /><testcase classname="tests.test_automation_engine" name="test_suggest_mode_no_payload_then_prepare" time="1.577" /><testcase classname="tests.test_automation_engine" name="test_safety_downgrade_external_and_generative" time="31.158" /><testcase classname="tests.test_automation_engine" name="test_safe_internal_auto_executes" time="1.297" /><testcase classname="tests.test_automation_engine" name="test_master_disable_pauses_evaluation" time="0.584" /><testcase classname="tests.test_automation_engine" name="test_pause_resume" time="0.860" /><testcase classname="tests.test_automation_engine" name="test_per_automation_toggle" time="0.449" /><testcase classname="tests.test_automation_engine" name="test_create_update_delete_custom_automation" time="0.651" /><testcase classname="tests.test_automation_engine" name="test_logs_have_event_labels" time="0.110" /><testcase classname="tests.test_automation_engine" name="test_run_now" time="0.149" /><testcase classname="tests.test_automation_engine" name="test_org_isolation" time="0.697" /><testcase classname="tests.test_automation_engine" name="test_regression_other_endpoints" time="0.446" /></testsuite></testsuites>