<?xml version="1.0" encoding="utf-8"?><testsuites name="pytest tests"><testsuite name="pytest" errors="0" failures="0" skipped="0" tests="16" time="44.012" timestamp="2026-07-05T15:22:39.044814+00:00" hostname="agent-env-3fab08e7-707f-4061-9b17-03adccde9062"><testcase classname="tests.test_contract" name="test_contract_sections_schema" time="0.253" /><testcase classname="tests.test_contract" name="test_generate_bad_project" time="0.051" /><testcase classname="tests.test_contract" name="test_generate_shape_and_sections" time="41.876" /><testcase classname="tests.test_contract" name="test_generated_links_proposal" time="0.000" /><testcase classname="tests.test_contract" name="test_activity_contract_generated" time="0.051" /><testcase classname="tests.test_contract" name="test_save_v1" time="0.063" /><testcase classname="tests.test_contract" name="test_get_contract_persisted" time="0.047" /><testcase classname="tests.test_contract" name="test_save_invalid_status" time="0.043" /><testcase classname="tests.test_contract" name="test_save_v2_increments" time="0.053" /><testcase classname="tests.test_contract" name="test_versions_endpoint" time="0.048" /><testcase classname="tests.test_contract" name="test_restore_creates_new_version" time="0.144" /><testcase classname="tests.test_contract" name="test_export_pdf" time="0.090" /><testcase classname="tests.test_contract" name="test_export_docx" time="0.104" /><testcase classname="tests.test_contract" name="test_export_activity_logged" time="0.043" /><testcase classname="tests.test_contract" name="test_export_before_save_returns_404" time="0.206" /><testcase classname="tests.test_contract" name="test_regression_proposal_exports" time="0.266" /></testsuite></testsuites>