<?xml version="1.0" encoding="utf-8"?><testsuites name="pytest tests"><testsuite name="pytest" errors="0" failures="0" skipped="0" tests="12" time="6.161" timestamp="2026-07-13T13:42:14.201577+00:00" hostname="agent-env-3fab08e7-707f-4061-9b17-03adccde9062"><testcase classname="tests.test_crm_pipeline.TestPipeline" name="test_pipeline_shape" time="0.816" /><testcase classname="tests.test_crm_pipeline.TestLeadsCRUD" name="test_lead_full_flow" time="1.642" /><testcase classname="tests.test_crm_pipeline.TestPipeline" name="test_pipeline_search" time="0.046" /><testcase classname="tests.test_crm_pipeline.TestPipeline" name="test_pipeline_sort_value" time="0.046" /><testcase classname="tests.test_crm_pipeline.TestAIBrief" name="test_ai_brief_generation" time="4.508" /><testcase classname="tests.test_crm_pipeline.TestLeadsCRUD" name="test_unknown_id" time="0.164" /><testcase classname="tests.test_crm_pipeline.TestContacts" name="test_contacts_list" time="0.055" /><testcase classname="tests.test_crm_pipeline.TestContacts" name="test_contact_detail" time="0.141" /><testcase classname="tests.test_crm_pipeline.TestOrgIsolation" name="test_org_isolation" time="0.563" /><testcase classname="tests.test_crm_pipeline.TestClientsRegression" name="test_client_create_with_new_fields" time="0.164" /><testcase classname="tests.test_crm_pipeline.TestSearch" name="test_search_basic" time="0.051" /><testcase classname="tests.test_crm_pipeline.TestSalesMetrics" name="test_sales_metrics_shape" time="0.047" /></testsuite></testsuites>