<?xml version="1.0" encoding="utf-8"?><testsuites name="pytest tests"><testsuite name="pytest" errors="0" failures="0" skipped="0" tests="18" time="2.789" timestamp="2026-07-05T11:03:27.973525+00:00" hostname="agent-env-3fab08e7-707f-4061-9b17-03adccde9062"><testcase classname="tests.test_crud.TestClients" name="test_list" time="0.117" /><testcase classname="tests.test_crud.TestClients" name="test_create_missing_name_422" time="0.096" /><testcase classname="tests.test_crud.TestClients" name="test_create_empty_name_422" time="0.092" /><testcase classname="tests.test_crud.TestClients" name="test_create_and_get" time="0.186" /><testcase classname="tests.test_crud.TestClients" name="test_update" time="0.196" /><testcase classname="tests.test_crud.TestClients" name="test_update_404" time="0.093" /><testcase classname="tests.test_crud.TestClients" name="test_delete_404" time="0.093" /><testcase classname="tests.test_crud.TestProjects" name="test_list" time="0.095" /><testcase classname="tests.test_crud.TestProjects" name="test_create_missing_name_422" time="0.095" /><testcase classname="tests.test_crud.TestProjects" name="test_create_with_client_link" time="0.276" /><testcase classname="tests.test_crud.TestProjects" name="test_update_project" time="0.091" /><testcase classname="tests.test_crud.TestProjects" name="test_update_404" time="0.086" /><testcase classname="tests.test_crud.TestTasks" name="test_create_missing_title_422" time="0.088" /><testcase classname="tests.test_crud.TestTasks" name="test_create_with_project_link" time="0.191" /><testcase classname="tests.test_crud.TestTasks" name="test_toggle_done_persists" time="0.186" /><testcase classname="tests.test_crud.TestTasks" name="test_update_404" time="0.094" /><testcase classname="tests.test_crud.TestUnlinking" name="test_delete_project_unlinks_tasks" time="0.183" /><testcase classname="tests.test_crud.TestUnlinking" name="test_delete_client_unlinks_projects" time="0.461" /></testsuite></testsuites>