<?xml version="1.0" encoding="utf-8"?><testsuites name="pytest tests"><testsuite name="pytest" errors="0" failures="0" skipped="0" tests="14" time="1.500" timestamp="2026-07-05T16:41:03.249315+00:00" hostname="agent-env-3fab08e7-707f-4061-9b17-03adccde9062"><testcase classname="tests.test_dashboard.TestRegression" name="test_projects_list" time="0.250" /><testcase classname="tests.test_dashboard.TestDashboardSummary" name="test_summary_status_and_shape" time="0.258" /><testcase classname="tests.test_dashboard.TestRegression" name="test_clients_list" time="0.050" /><testcase classname="tests.test_dashboard.TestDashboardSummary" name="test_kpi_keys" time="0.058" /><testcase classname="tests.test_dashboard.TestRegression" name="test_invoice_config" time="0.117" /><testcase classname="tests.test_dashboard.TestDashboardSummary" name="test_financial_fields" time="0.103" /><testcase classname="tests.test_dashboard.TestRegression" name="test_proposal_sections" time="0.046" /><testcase classname="tests.test_dashboard.TestDashboardSummary" name="test_lists_are_arrays" time="0.053" /><testcase classname="tests.test_dashboard.TestRegression" name="test_contract_sections" time="0.050" /><testcase classname="tests.test_dashboard.TestDashboardSummary" name="test_kpi_math_consistency" time="0.057" /><testcase classname="tests.test_dashboard.TestDashboardSearch" name="test_search_empty_query" time="0.086" /><testcase classname="tests.test_dashboard.TestDashboardSearch" name="test_search_returns_groups" time="0.045" /><testcase classname="tests.test_dashboard.TestDashboardSearch" name="test_search_no_object_ids" time="0.053" /><testcase classname="tests.test_dashboard.TestDashboardSearch" name="test_search_nonexistent" time="0.052" /></testsuite></testsuites>