<?xml version="1.0" encoding="utf-8"?><testsuites name="pytest tests"><testsuite name="pytest" errors="0" failures="2" skipped="0" tests="24" time="3.430" timestamp="2026-07-05T10:26:53.974391+00:00" hostname="agent-env-3fab08e7-707f-4061-9b17-03adccde9062"><testcase classname="tests.test_backend" name="test_chat_stream_real_ai_response" time="1.337" /><testcase classname="tests.test_crud.TestClients" name="test_list" time="0.238" /><testcase classname="tests.test_crud.TestClients" name="test_create_missing_name_422" time="0.258" /><testcase classname="tests.test_crud.TestClients" name="test_create_empty_name_422" time="0.124" /><testcase classname="tests.test_crud.TestClients" name="test_create_and_get" time="0.282" /><testcase classname="tests.test_crud.TestClients" name="test_update" time="0.224" /><testcase classname="tests.test_crud.TestClients" name="test_update_404" time="0.091" /><testcase classname="tests.test_crud.TestClients" name="test_delete_404" time="0.097" /><testcase classname="tests.test_crud.TestProjects" name="test_list" time="0.095" /><testcase classname="tests.test_backend" name="test_root" time="0.130" /><testcase classname="tests.test_crud.TestProjects" name="test_create_missing_name_422" time="0.089" /><testcase classname="tests.test_backend" name="test_agents_list" time="0.094" /><testcase classname="tests.test_crud.TestProjects" name="test_create_with_client_link" time="0.326" /><testcase classname="tests.test_backend" name="test_chat_stream_fires_and_persists_user_msg" time="0.574" /><testcase classname="tests.test_crud.TestProjects" name="test_update_project" time="0.093" /><testcase classname="tests.test_crud.TestProjects" name="test_update_404" time="0.095" /><testcase classname="tests.test_crud.TestTasks" name="test_create_missing_title_422" time="0.095" /><testcase classname="tests.test_crud.TestTasks" name="test_create_with_project_link" time="0.190" /><testcase classname="tests.test_backend" name="test_chat_stream_invalid_agent" time="0.090" /><testcase classname="tests.test_backend" name="test_chat_history_empty_session" time="0.130" /><testcase classname="tests.test_crud.TestTasks" name="test_toggle_done_persists" time="0.184" /><testcase classname="tests.test_crud.TestUnlinking" name="test_delete_project_unlinks_tasks" time="0.000"><failure message="IndexError: list index out of range">backend/tests/test_crud.py:155: in test_delete_project_unlinks_tasks
    pid = created_ids["projects"][0]
          ^^^^^^^^^^^^^^^^^^^^^^^^^^
E   IndexError: list index out of range</failure></testcase><testcase classname="tests.test_crud.TestUnlinking" name="test_delete_client_unlinks_projects" time="0.000"><failure message="IndexError: list index out of range">backend/tests/test_crud.py:168: in test_delete_client_unlinks_projects
    cid = created_ids["clients"][0]
          ^^^^^^^^^^^^^^^^^^^^^^^^^
E   IndexError: list index out of range</failure></testcase><testcase classname="tests.test_crud.TestTasks" name="test_update_404" time="0.372" /></testsuite></testsuites>