<?xml version="1.0" encoding="utf-8"?><testsuites name="pytest tests"><testsuite name="pytest" errors="0" failures="0" skipped="0" tests="10" time="2.988" timestamp="2026-07-07T11:50:11.399818+00:00" hostname="agent-env-3fab08e7-707f-4061-9b17-03adccde9062"><testcase classname="tests.test_demo_and_billing.TestDemoSeededWorkspace" name="test_projects_seeded" time="1.084" /><testcase classname="tests.test_demo_and_billing.TestDemoSeededWorkspace" name="test_tasks_seeded" time="0.106" /><testcase classname="tests.test_demo_and_billing.TestDemoIsolation" name="test_two_demos_have_different_orgs" time="1.093" /><testcase classname="tests.test_demo_and_billing.TestDemoIsolation" name="test_demo1_sees_only_own_seeded_clients" time="0.111" /><testcase classname="tests.test_demo_and_billing.TestDemoSeededWorkspace" name="test_dashboard_summary" time="0.115" /><testcase classname="tests.test_demo_and_billing.TestDemoIsolation" name="test_demo2_cannot_see_demo1_created_client" time="0.200" /><testcase classname="tests.test_demo_and_billing.TestDemoEndpoint" name="test_demo_returns_user_and_token" time="0.000" /><testcase classname="tests.test_demo_and_billing.TestDemoEndpoint" name="test_demo_sets_cookies" time="0.626" /><testcase classname="tests.test_demo_and_billing.TestAuthRegression" name="test_login_seed_account" time="0.584" /><testcase classname="tests.test_demo_and_billing.TestAuthRegression" name="test_register_fresh" time="0.342" /></testsuite></testsuites>