<?xml version="1.0" encoding="utf-8"?><testsuites name="pytest tests"><testsuite name="pytest" errors="0" failures="0" skipped="0" tests="15" time="4.545" timestamp="2026-07-13T21:04:49.270283+00:00" hostname="agent-env-3fab08e7-707f-4061-9b17-03adccde9062"><testcase classname="tests.test_dashboard_exec" name="test_executive_endpoint_shape" time="0.701" /><testcase classname="tests.test_dashboard_exec" name="test_trends_structure" time="0.107" /><testcase classname="tests.test_dashboard_exec" name="test_kpi_cards_structure" time="0.109" /><testcase classname="tests.test_dashboard_exec" name="test_kpi_cards_source_consistency" time="0.187" /><testcase classname="tests.test_dashboard_exec" name="test_trends_org_isolation" time="0.648" /><testcase classname="tests.test_dashboard_exec" name="test_hero_structure" time="0.111" /><testcase classname="tests.test_dashboard_exec" name="test_health_matches_opportunities_source" time="0.184" /><testcase classname="tests.test_dashboard_exec" name="test_revenue_matches_crm_sales_metrics" time="0.228" /><testcase classname="tests.test_dashboard_exec" name="test_priorities_group_matches_opportunities" time="0.170" /><testcase classname="tests.test_dashboard_exec" name="test_insights_capped_and_shaped" time="0.107" /><testcase classname="tests.test_dashboard_exec" name="test_ai_activity_capped" time="0.098" /><testcase classname="tests.test_dashboard_exec" name="test_workspace_counts_present" time="0.100" /><testcase classname="tests.test_dashboard_exec" name="test_documents_shape" time="0.104" /><testcase classname="tests.test_dashboard_exec" name="test_org_isolation" time="0.747" /><testcase classname="tests.test_dashboard_exec" name="test_no_regressions" time="0.441" /></testsuite></testsuites>