<?xml version="1.0" encoding="utf-8"?><testsuites name="pytest tests"><testsuite name="pytest" errors="0" failures="0" skipped="0" tests="15" time="45.154" timestamp="2026-07-05T16:28:11.127958+00:00" hostname="agent-env-3fab08e7-707f-4061-9b17-03adccde9062"><testcase classname="tests.test_invoice" name="test_invoice_config" time="0.256" /><testcase classname="tests.test_invoice" name="test_generate_bad_project" time="0.047" /><testcase classname="tests.test_invoice" name="test_generate_shape" time="42.891" /><testcase classname="tests.test_invoice" name="test_activity_invoice_generated" time="0.080" /><testcase classname="tests.test_invoice" name="test_vat_totals_recomputed" time="0.084" /><testcase classname="tests.test_invoice" name="test_get_invoice_persisted" time="0.042" /><testcase classname="tests.test_invoice" name="test_invalid_status" time="0.085" /><testcase classname="tests.test_invoice" name="test_save_v2_increments" time="0.042" /><testcase classname="tests.test_invoice" name="test_versions_endpoint" time="0.046" /><testcase classname="tests.test_invoice" name="test_restore_creates_new_version" time="0.126" /><testcase classname="tests.test_invoice" name="test_export_pdf" time="0.063" /><testcase classname="tests.test_invoice" name="test_export_docx" time="0.073" /><testcase classname="tests.test_invoice" name="test_export_activity_logged" time="0.041" /><testcase classname="tests.test_invoice" name="test_export_before_save_returns_404" time="0.166" /><testcase classname="tests.test_invoice" name="test_regression_proposal_and_contract_exports" time="0.496" /></testsuite></testsuites>