<?xml version="1.0" encoding="utf-8"?><testsuites name="pytest tests"><testsuite name="pytest" errors="0" failures="0" skipped="0" tests="22" time="11.872" timestamp="2026-07-13T14:10:30.306473+00:00" hostname="agent-env-3fab08e7-707f-4061-9b17-03adccde9062"><testcase classname="tests.test_knowledge_brain.TestSearchAsk" name="test_search" time="0.751" /><testcase classname="tests.test_knowledge_brain.TestMemoryCRUD" name="test_seeded_memories" time="0.745" /><testcase classname="tests.test_knowledge_brain.TestMemoryCRUD" name="test_create_memory" time="0.105" /><testcase classname="tests.test_knowledge_brain.TestSearchAsk" name="test_search_empty" time="0.052" /><testcase classname="tests.test_knowledge_brain.TestSearchAsk" name="test_ask_brain" time="1.943" /><testcase classname="tests.test_knowledge_brain.TestMemoryCRUD" name="test_update_memory" time="0.282" /><testcase classname="tests.test_knowledge_brain.TestMemoryCRUD" name="test_pin_memory" time="0.102" /><testcase classname="tests.test_knowledge_brain.TestMemoryCRUD" name="test_toggle_learning" time="0.048" /><testcase classname="tests.test_knowledge_brain.TestMemoryCRUD" name="test_pin_404" time="0.050" /><testcase classname="tests.test_knowledge_brain.TestMemoryCRUD" name="test_delete_memory" time="0.097" /><testcase classname="tests.test_knowledge_brain.TestMemoryCRUD" name="test_list_filters" time="0.160" /><testcase classname="tests.test_knowledge_brain.TestMerge" name="test_merge_two_memories" time="0.294" /><testcase classname="tests.test_knowledge_brain.TestMerge" name="test_merge_requires_two" time="0.050" /><testcase classname="tests.test_knowledge_brain.TestLearning" name="test_learn_event_and_auto_distill" time="0.824" /><testcase classname="tests.test_knowledge_brain.TestInsightsProfile" name="test_insights" time="5.239" /><testcase classname="tests.test_knowledge_brain.TestLearning" name="test_analyze_endpoint" time="1.733" /><testcase classname="tests.test_knowledge_brain.TestSmartReuseRegression" name="test_proposal_generator_still_works" time="0.050" /><testcase classname="tests.test_knowledge_brain.TestSmartReuseRegression" name="test_assistant_chat_still_works" time="0.054" /><testcase classname="tests.test_knowledge_brain.TestStats" name="test_stats_structure" time="0.050" /><testcase classname="tests.test_knowledge_brain.TestOrgIsolation" name="test_isolation_between_demos" time="0.767" /><testcase classname="tests.test_knowledge_brain.TestInsightsProfile" name="test_business_profile_get_default" time="0.427" /><testcase classname="tests.test_knowledge_brain.TestInsightsProfile" name="test_business_profile_generate" time="2.861" /></testsuite></testsuites>