<?xml version="1.0" encoding="utf-8"?><testsuites name="pytest tests"><testsuite name="pytest" errors="0" failures="0" skipped="0" tests="25" time="4.701" timestamp="2026-07-05T18:25:53.436717+00:00" hostname="agent-env-3fab08e7-707f-4061-9b17-03adccde9062"><testcase classname="tests.test_library_sprint.TestUnauth" name="test_unauth_401[/api/library/documents]" time="0.133" /><testcase classname="tests.test_library_sprint.TestUnauth" name="test_unauth_401[/api/library/proposals]" time="0.262" /><testcase classname="tests.test_library_sprint.TestLibraryDemo" name="test_library_documents_shape" time="0.502" /><testcase classname="tests.test_library_sprint.TestUnauth" name="test_unauth_401[/api/library/contracts]" time="0.104" /><testcase classname="tests.test_library_sprint.TestUnauth" name="test_unauth_401[/api/library/invoices]" time="0.111" /><testcase classname="tests.test_library_sprint.TestLibraryDemo" name="test_library_page_size_capped" time="0.109" /><testcase classname="tests.test_library_sprint.TestLibraryDemo" name="test_library_proposals" time="0.146" /><testcase classname="tests.test_library_sprint.TestUnauth" name="test_unauth_401[/api/analytics]" time="0.101" /><testcase classname="tests.test_library_sprint.TestUnauth" name="test_unauth_401[/api/notifications]" time="0.104" /><testcase classname="tests.test_library_sprint.TestLibraryDemo" name="test_library_contracts" time="0.129" /><testcase classname="tests.test_library_sprint.TestUnauth" name="test_unauth_401[/api/dashboard/search?q=a]" time="0.099" /><testcase classname="tests.test_library_sprint.TestLibraryDemo" name="test_library_invoices_totals" time="0.099" /><testcase classname="tests.test_library_sprint.TestLibraryDemo" name="test_library_invoices_status_filter" time="0.269" /><testcase classname="tests.test_library_sprint.TestFreshOrgIsolation" name="test_fresh_docs_empty" time="0.434" /><testcase classname="tests.test_library_sprint.TestFreshOrgIsolation" name="test_fresh_proposals_empty" time="0.261" /><testcase classname="tests.test_library_sprint.TestFreshOrgIsolation" name="test_fresh_contracts_empty" time="0.101" /><testcase classname="tests.test_library_sprint.TestDocumentUploadFlow" name="test_upload_rename_download_delete" time="2.020" /><testcase classname="tests.test_library_sprint.TestFreshOrgIsolation" name="test_fresh_invoices_empty" time="0.098" /><testcase classname="tests.test_library_sprint.TestFreshOrgIsolation" name="test_fresh_analytics_zero" time="0.103" /><testcase classname="tests.test_library_sprint.TestNotifications" name="test_demo_notifications" time="0.440" /><testcase classname="tests.test_library_sprint.TestNotifications" name="test_fresh_notifications_empty_or_list" time="0.111" /><testcase classname="tests.test_library_sprint.TestAnalyticsDemo" name="test_demo_analytics_shape" time="0.097" /><testcase classname="tests.test_library_sprint.TestDocumentUploadFlow" name="test_upload_search_and_type_filter" time="0.708" /><testcase classname="tests.test_library_sprint.TestGlobalSearch" name="test_search_documents_group" time="0.092" /><testcase classname="tests.test_library_sprint.TestGlobalSearch" name="test_search_isolation" time="0.120" /></testsuite></testsuites>