<?xml version="1.0" encoding="utf-8"?><testsuites name="pytest tests"><testsuite name="pytest" errors="0" failures="0" skipped="0" tests="10" time="3.179" timestamp="2026-07-17T18:51:03.883342+00:00" hostname="agent-env-3fab08e7-707f-4061-9b17-03adccde9062"><testcase classname="tests.test_morning_brief" name="test_morning_brief_shape" time="0.725" /><testcase classname="tests.test_morning_brief" name="test_morning_brief_numbers" time="0.108" /><testcase classname="tests.test_morning_brief" name="test_morning_brief_matches_executive" time="0.220" /><testcase classname="tests.test_morning_brief" name="test_summary_never_empty" time="0.107" /><testcase classname="tests.test_morning_brief" name="test_wins_shape" time="0.094" /><testcase classname="tests.test_morning_brief" name="test_risks_shape" time="0.097" /><testcase classname="tests.test_morning_brief" name="test_recommendations_shape" time="0.103" /><testcase classname="tests.test_morning_brief" name="test_what_ai_did_capped" time="0.094" /><testcase classname="tests.test_morning_brief" name="test_org_isolation" time="0.704" /><testcase classname="tests.test_morning_brief" name="test_no_regressions" time="0.379" /></testsuite></testsuites>