<?xml version="1.0" encoding="utf-8"?><testsuites name="pytest tests"><testsuite name="pytest" errors="0" failures="0" skipped="0" tests="6" time="3.646" timestamp="2026-07-05T17:52:16.597280+00:00" hostname="agent-env-3fab08e7-707f-4061-9b17-03adccde9062"><testcase classname="tests.test_onboarding" name="test_new_user_onboarding_completed_false_and_zero_percent" time="0.462" /><testcase classname="tests.test_onboarding" name="test_onboarding_checklist_updates_after_client_created" time="0.524" /><testcase classname="tests.test_onboarding" name="test_onboarding_complete_persists_across_relogin" time="0.873" /><testcase classname="tests.test_onboarding" name="test_onboarding_requires_auth" time="0.205" /><testcase classname="tests.test_onboarding" name="test_demo_user_onboarding_completed_true_and_partial_checklist" time="0.427" /><testcase classname="tests.test_onboarding" name="test_new_user_can_create_client_and_project_scoped" time="0.633" /></testsuite></testsuites>