<?xml version="1.0" encoding="utf-8"?><testsuites name="pytest tests"><testsuite name="pytest" errors="0" failures="0" skipped="0" tests="8" time="2.718" timestamp="2026-07-12T14:12:29.642479+00:00" hostname="agent-env-3fab08e7-707f-4061-9b17-03adccde9062"><testcase classname="tests.test_opportunities.TestOpportunitiesList" name="test_shape_and_sort" time="1.112" /><testcase classname="tests.test_opportunities.TestArchive" name="test_404_unknown" time="1.115" /><testcase classname="tests.test_opportunities.TestOpportunitiesList" name="test_item_fields" time="0.073" /><testcase classname="tests.test_opportunities.TestArchive" name="test_archive_project" time="0.169" /><testcase classname="tests.test_opportunities.TestBrief" name="test_brief" time="0.052" /><testcase classname="tests.test_opportunities.TestDismiss" name="test_dismiss_hides_key" time="0.161" /><testcase classname="tests.test_opportunities.TestHealth" name="test_health" time="0.097" /><testcase classname="tests.test_opportunities.TestOrgIsolation" name="test_isolation" time="0.484" /></testsuite></testsuites>