<?xml version="1.0" encoding="utf-8"?><testsuites name="pytest tests"><testsuite name="pytest" errors="0" failures="0" skipped="0" tests="17" time="5.070" timestamp="2026-07-07T12:14:17.004146+00:00" hostname="agent-env-3fab08e7-707f-4061-9b17-03adccde9062"><testcase classname="tests.test_p1_launch.TestImageDocumentSecurity" name="test_image_no_auth_query_ignored" time="0.376" /><testcase classname="tests.test_p1_launch.TestImageDocumentSecurity" name="test_document_no_auth_query_ignored" time="0.142" /><testcase classname="tests.test_p1_launch.TestSendGuardUnverified" name="test_proposal_draft_ok" time="0.860" /><testcase classname="tests.test_p1_launch.TestImageDocumentSecurity" name="test_image_bearer_returns_404_for_unknown" time="0.496" /><testcase classname="tests.test_p1_launch.TestSendGuardUnverified" name="test_proposal_sent_blocked" time="0.097" /><testcase classname="tests.test_p1_launch.TestSendGuardUnverified" name="test_contract_draft_ok" time="0.109" /><testcase classname="tests.test_p1_launch.TestImageDocumentSecurity" name="test_document_bearer_returns_404_for_unknown" time="0.092" /><testcase classname="tests.test_p1_launch.TestSendGuardUnverified" name="test_contract_sent_blocked" time="0.110" /><testcase classname="tests.test_p1_launch.TestImageDocumentSecurity" name="test_image_missing_auth_401" time="0.132" /><testcase classname="tests.test_p1_launch.TestSendGuardUnverified" name="test_invoice_draft_ok" time="0.144" /><testcase classname="tests.test_p1_launch.TestSendGuardUnverified" name="test_invoice_sent_blocked" time="0.097" /><testcase classname="tests.test_p1_launch.TestSendGuardVerified" name="test_proposal_sent_ok_verified" time="0.206" /><testcase classname="tests.test_p1_launch.TestSendGuardVerified" name="test_contract_sent_ok_verified" time="0.298" /><testcase classname="tests.test_p1_launch.TestCopilot" name="test_suggestions" time="0.424" /><testcase classname="tests.test_p1_launch.TestSendGuardVerified" name="test_invoice_sent_ok_verified" time="0.176" /><testcase classname="tests.test_p1_launch.TestCopilot" name="test_message_read_query" time="1.205" /><testcase classname="tests.test_p1_launch.TestCopilot" name="test_message_action_card" time="1.346" /></testsuite></testsuites>