<?xml version="1.0" encoding="utf-8"?><testsuites name="pytest tests"><testsuite name="pytest" errors="0" failures="0" skipped="0" tests="6" time="21.072" timestamp="2026-07-05T11:16:23.480912+00:00" hostname="agent-env-3fab08e7-707f-4061-9b17-03adccde9062"><testcase classname="tests.test_planner.TestPlannerGenerate" name="test_generate_404_bad_project" time="0.251" /><testcase classname="tests.test_planner.TestPlannerSaveList" name="test_list_empty_initially" time="0.584" /><testcase classname="tests.test_planner.TestPlannerSaveList" name="test_save_v1_then_v2" time="0.389" /><testcase classname="tests.test_planner.TestPlannerGenerate" name="test_generate_returns_all_9_sections" time="19.707" /><testcase classname="tests.test_planner.TestPlannerSaveList" name="test_activity_logged" time="0.474" /><testcase classname="tests.test_planner.TestPlannerCascade" name="test_delete_project_cascades_plans" time="0.602" /></testsuite></testsuites>