<?xml version="1.0" encoding="utf-8"?><testsuites name="pytest tests"><testsuite name="pytest" errors="0" failures="0" skipped="0" tests="16" time="13.988" timestamp="2026-07-05T15:07:52.804954+00:00" hostname="agent-env-3fab08e7-707f-4061-9b17-03adccde9062"><testcase classname="tests.test_proposal" name="test_proposal_sections_schema" time="0.155" /><testcase classname="tests.test_proposal" name="test_generate_bad_project" time="0.049" /><testcase classname="tests.test_proposal" name="test_generate_shape" time="12.066" /><testcase classname="tests.test_proposal" name="test_generate_logs_activity" time="0.048" /><testcase classname="tests.test_proposal" name="test_save_v1_and_persist" time="0.093" /><testcase classname="tests.test_proposal" name="test_save_v2_increments" time="0.048" /><testcase classname="tests.test_proposal" name="test_invalid_status" time="0.044" /><testcase classname="tests.test_proposal" name="test_versions_endpoint" time="0.044" /><testcase classname="tests.test_proposal" name="test_save_activity_logged" time="0.048" /><testcase classname="tests.test_proposal" name="test_restore_creates_new_version" time="0.049" /><testcase classname="tests.test_proposal" name="test_export_pdf" time="0.072" /><testcase classname="tests.test_proposal" name="test_export_docx" time="0.115" /><testcase classname="tests.test_proposal" name="test_export_activity_logged" time="0.044" /><testcase classname="tests.test_proposal" name="test_export_before_save_returns_404" time="0.186" /><testcase classname="tests.test_proposal" name="test_plural_proposals_crud_still_works" time="0.137" /><testcase classname="tests.test_proposal" name="test_planner_endpoints_reachable" time="0.136" /></testsuite></testsuites>