<?xml version="1.0" encoding="utf-8"?><testsuites name="pytest tests"><testsuite name="pytest" errors="0" failures="0" skipped="0" tests="6" time="2.762" timestamp="2026-07-05T09:05:04.631439+00:00" hostname="agent-env-3fab08e7-707f-4061-9b17-03adccde9062"><testcase classname="tests.test_backend" name="test_chat_stream_real_ai_response" time="1.002" /><testcase classname="tests.test_backend" name="test_root" time="0.097" /><testcase classname="tests.test_backend" name="test_agents_list" time="0.124" /><testcase classname="tests.test_backend" name="test_chat_stream_fires_and_persists_user_msg" time="0.693" /><testcase classname="tests.test_backend" name="test_chat_stream_invalid_agent" time="0.138" /><testcase classname="tests.test_backend" name="test_chat_history_empty_session" time="0.099" /></testsuite></testsuites>