<?xml version="1.0" encoding="utf-8"?><testsuites name="pytest tests"><testsuite name="pytest" errors="0" failures="0" skipped="0" tests="5" time="2.083" timestamp="2026-07-05T08:36:48.978074+00:00" hostname="agent-env-3fab08e7-707f-4061-9b17-03adccde9062"><testcase classname="tests.test_backend" name="test_root" time="0.117" /><testcase classname="tests.test_backend" name="test_agents_list" time="0.094" /><testcase classname="tests.test_backend" name="test_chat_stream_fires_and_persists_user_msg" time="1.092" /><testcase classname="tests.test_backend" name="test_chat_stream_invalid_agent" time="0.102" /><testcase classname="tests.test_backend" name="test_chat_history_empty_session" time="0.103" /></testsuite></testsuites>