<?xml version="1.0" encoding="utf-8"?><testsuites name="pytest tests"><testsuite name="pytest" errors="0" failures="1" skipped="1" tests="19" time="7.075" timestamp="2026-07-05T18:39:18.770037+00:00" hostname="agent-env-3fab08e7-707f-4061-9b17-03adccde9062"><testcase classname="tests.test_settings_sprint" name="test_settings_requires_auth" time="0.644" /><testcase classname="tests.test_settings_sprint" name="test_patch_settings_requires_auth" time="0.120" /><testcase classname="tests.test_settings_sprint" name="test_get_settings_shape" time="0.463" /><testcase classname="tests.test_settings_sprint" name="test_patch_organization_persists" time="0.183" /><testcase classname="tests.test_settings_sprint" name="test_patch_branding_persists" time="0.206" /><testcase classname="tests.test_settings_sprint" name="test_patch_ai_persists" time="0.208" /><testcase classname="tests.test_settings_sprint" name="test_patch_documents_persists" time="0.250" /><testcase classname="tests.test_settings_sprint" name="test_patch_notifications_persists" time="0.212" /><testcase classname="tests.test_settings_sprint" name="test_patch_auth_profile" time="0.198" /><testcase classname="tests.test_settings_sprint" name="test_billing_endpoint" time="0.103" /><testcase classname="tests.test_settings_sprint" name="test_api_keys_placeholder" time="0.101" /><testcase classname="tests.test_settings_sprint" name="test_recent_logins" time="0.105" /><testcase classname="tests.test_settings_sprint" name="test_sessions_list" time="0.130" /><testcase classname="tests.test_settings_sprint" name="test_fresh_user_isolation" time="0.430" /><testcase classname="tests.test_settings_sprint" name="test_invoice_prefix_affects_numbering" time="0.739"><skipped type="pytest.skip" message="invoice generation not available: 404">/app/backend/tests/test_settings_sprint.py:213: invoice generation not available: 404</skipped></testcase><testcase classname="tests.test_settings_sprint" name="test_change_password_flow" time="1.548" /><testcase classname="tests.test_settings_sprint" name="test_logout_all" time="0.422" /><testcase classname="tests.test_settings_sprint" name="test_upload_branding_image" time="0.328" /><testcase classname="tests.test_settings_sprint" name="test_regression_endpoints" time="0.091"><failure message="AssertionError: /api/dashboard failed 404&#10;assert 404 == 200&#10; +  where 404 = &lt;Response [404]&gt;.status_code">backend/tests/test_settings_sprint.py:255: in test_regression_endpoints
    assert r.status_code == 200, f"{ep} failed {r.status_code}"
E   AssertionError: /api/dashboard failed 404
E   assert 404 == 200
E    +  where 404 = &lt;Response [404]&gt;.status_code</failure></testcase></testsuite></testsuites>