<?xml version="1.0" encoding="utf-8"?><testsuites name="pytest tests"><testsuite name="pytest" errors="0" failures="1" skipped="0" tests="13" time="58.955" timestamp="2026-07-12T10:14:27.622576+00:00" hostname="agent-env-3fab08e7-707f-4061-9b17-03adccde9062"><testcase classname="tests.test_sprint2_ai.TestActivities" name="test_activities_all_scope_nonempty_backfilled" time="0.730" /><testcase classname="tests.test_sprint2_ai.TestActivities" name="test_backfill_idempotent" time="0.091" /><testcase classname="tests.test_sprint2_ai.TestGenerationLogsActivity" name="test_generate_proposal_logs_activity" time="15.009" /><testcase classname="tests.test_sprint2_ai.TestInsights" name="test_insights_ok" time="0.091" /><testcase classname="tests.test_sprint2_ai.TestInsights" name="test_insights_cached_second_call_fast" time="0.283" /><testcase classname="tests.test_sprint2_ai.TestRegression" name="test_dashboard_still_works" time="0.043"><failure message="assert 404 == 200&#10; +  where 404 = &lt;Response [404]&gt;.status_code">tests/test_sprint2_ai.py:177: in test_dashboard_still_works
    assert r.status_code == 200
E   assert 404 == 200
E    +  where 404 = &lt;Response [404]&gt;.status_code</failure></testcase><testcase classname="tests.test_sprint2_ai.TestRegression" name="test_copilot_still_works" time="0.051" /><testcase classname="tests.test_sprint2_ai.TestTimeSaved" name="test_time_saved_structure" time="0.048" /><testcase classname="tests.test_sprint2_ai.TestHistory" name="test_history_grouped" time="0.046" /><testcase classname="tests.test_sprint2_ai.TestNotifications" name="test_notifications_structure" time="0.050" /><testcase classname="tests.test_sprint2_ai.TestGenerationLogsActivity" name="test_generate_plan_logs_activity" time="12.266" /><testcase classname="tests.test_sprint2_ai.TestGenerationLogsActivity" name="test_generate_contract_logs_activity" time="28.815" /><testcase classname="tests.test_sprint2_ai.TestGenerationLogsActivity" name="test_generate_invoice_logs_activity" time="2.256" /></testsuite></testsuites>