<?xml version="1.0" encoding="utf-8"?><testsuites name="pytest tests"><testsuite name="pytest" errors="0" failures="0" skipped="0" tests="13" time="3.623" timestamp="2026-07-05T10:56:50.725941+00:00" hostname="agent-env-3fab08e7-707f-4061-9b17-03adccde9062"><testcase classname="tests.test_workspace.TestProjectGet" name="test_get_project_404" time="0.271" /><testcase classname="tests.test_workspace.TestProjectGet" name="test_create_project_with_description_notes" time="0.269" /><testcase classname="tests.test_workspace.TestActivityAutoLog" name="test_project_created_activity" time="0.100" /><testcase classname="tests.test_workspace.TestActivityAutoLog" name="test_task_created_and_completed_activity" time="0.636" /><testcase classname="tests.test_workspace.TestActivityAutoLog" name="test_task_created_done_true_logs_both" time="0.181" /><testcase classname="tests.test_workspace.TestDocuments" name="test_create_list_filter_and_activity" time="0.298" /><testcase classname="tests.test_workspace.TestDocuments" name="test_delete_document" time="0.185" /><testcase classname="tests.test_workspace.TestDocuments" name="test_delete_404" time="0.092" /><testcase classname="tests.test_workspace.TestProposals" name="test_create_list_filter_and_activity" time="0.274" /><testcase classname="tests.test_workspace.TestProposals" name="test_delete_proposal" time="0.090" /><testcase classname="tests.test_workspace.TestTasksProjectFilter" name="test_tasks_project_filter" time="0.103" /><testcase classname="tests.test_workspace.TestActivityOrdering" name="test_newest_first" time="0.087" /><testcase classname="tests.test_workspace.TestCascade" name="test_delete_project_cascades_activities" time="0.977" /></testsuite></testsuites>